

============================== 2022-11-09 02:06:57.970422 | 106631aa-73ac-40d4-829f-0f80f237e90f ==============================
[0m02:06:57.970438 [info ] [MainThread]: Running with dbt=1.3.0
[0m02:06:57.970978 [debug] [MainThread]: running dbt with arguments {'write_json': True, 'use_colors': True, 'printer_width': 80, 'version_check': True, 'partial_parse': True, 'static_parser': True, 'profiles_dir': '/home/vscode/.dbt', 'send_anonymous_usage_stats': True, 'event_buffer_size': 100000, 'quiet': False, 'no_print': False, 'project_name': 'new-dbt-project', 'skip_profile_setup': False, 'which': 'init', 'indirect_selection': 'eager'}
[0m02:06:57.971310 [debug] [MainThread]: Tracking: tracking
[0m02:06:57.980144 [debug] [MainThread]: Sending event: {'category': 'dbt', 'action': 'invocation', 'label': 'start', 'context': [<snowplow_tracker.self_describing_json.SelfDescribingJson object at 0x7f80a2a2b3a0>, <snowplow_tracker.self_describing_json.SelfDescribingJson object at 0x7f80a2a2b310>, <snowplow_tracker.self_describing_json.SelfDescribingJson object at 0x7f80a2a2b2b0>]}
[0m02:06:57.981010 [info ] [MainThread]: Creating dbt configuration folder at /home/vscode/.dbt
[0m02:07:35.335061 [debug] [MainThread]: Starter project path: /usr/local/python/3.9.15/lib/python3.9/site-packages/dbt/include/starter_project
[0m02:08:22.988210 [debug] [MainThread]: Sending event: {'category': 'dbt', 'action': 'invocation', 'label': 'end', 'context': [<snowplow_tracker.self_describing_json.SelfDescribingJson object at 0x7f80a0e3b280>, <snowplow_tracker.self_describing_json.SelfDescribingJson object at 0x7f80a0b7a1f0>, <snowplow_tracker.self_describing_json.SelfDescribingJson object at 0x7f80a0b7ae50>]}
[0m02:08:22.989205 [debug] [MainThread]: Flushing usage events
[0m02:08:23.090576 [error] [MainThread]: Encountered an error:

[0m02:08:23.092743 [error] [MainThread]: Traceback (most recent call last):
  File "/usr/local/python/3.9.15/lib/python3.9/site-packages/dbt/main.py", line 135, in main
    results, succeeded = handle_and_check(args)
  File "/usr/local/python/3.9.15/lib/python3.9/site-packages/dbt/main.py", line 198, in handle_and_check
    task, res = run_from_args(parsed)
  File "/usr/local/python/3.9.15/lib/python3.9/site-packages/dbt/main.py", line 245, in run_from_args
    results = task.run()
  File "/usr/local/python/3.9.15/lib/python3.9/site-packages/dbt/task/init.py", line 332, in run
    self.create_profile_from_target(adapter, profile_name=project_name)
  File "/usr/local/python/3.9.15/lib/python3.9/site-packages/dbt/task/init.py", line 207, in create_profile_from_target
    self.create_profile_from_profile_template(profile_template, profile_name)
  File "/usr/local/python/3.9.15/lib/python3.9/site-packages/dbt/task/init.py", line 191, in create_profile_from_profile_template
    target = self.generate_target_from_input(prompts, initial_target)
  File "/usr/local/python/3.9.15/lib/python3.9/site-packages/dbt/task/init.py", line 157, in generate_target_from_input
    target[key] = click.prompt(
  File "/usr/local/python/3.9.15/lib/python3.9/site-packages/click/termui.py", line 166, in prompt
    value = prompt_func(prompt)
  File "/usr/local/python/3.9.15/lib/python3.9/site-packages/click/termui.py", line 149, in prompt_func
    raise Abort() from None
click.exceptions.Abort



============================== 2022-11-09 02:09:06.830761 | f78c9c03-2ccd-469e-981a-d42e5f3362ec ==============================
[0m02:09:06.830780 [info ] [MainThread]: Running with dbt=1.3.0
[0m02:09:06.831508 [debug] [MainThread]: running dbt with arguments {'write_json': True, 'use_colors': True, 'printer_width': 80, 'version_check': True, 'partial_parse': True, 'static_parser': True, 'profiles_dir': '/home/vscode/.dbt', 'send_anonymous_usage_stats': True, 'event_buffer_size': 100000, 'quiet': False, 'no_print': False, 'project_name': 'demo_dbt_project', 'skip_profile_setup': False, 'which': 'init', 'indirect_selection': 'eager'}
[0m02:09:06.831857 [debug] [MainThread]: Tracking: tracking
[0m02:09:06.842938 [debug] [MainThread]: Sending event: {'category': 'dbt', 'action': 'invocation', 'label': 'start', 'context': [<snowplow_tracker.self_describing_json.SelfDescribingJson object at 0x7f5a5bf2f0d0>, <snowplow_tracker.self_describing_json.SelfDescribingJson object at 0x7f5a5bf2be80>, <snowplow_tracker.self_describing_json.SelfDescribingJson object at 0x7f5a5bf2bf70>]}
[0m02:09:06.846391 [debug] [MainThread]: Starter project path: /usr/local/python/3.9.15/lib/python3.9/site-packages/dbt/include/starter_project
[0m02:09:13.107778 [debug] [MainThread]: Sending event: {'category': 'dbt', 'action': 'invocation', 'label': 'end', 'context': [<snowplow_tracker.self_describing_json.SelfDescribingJson object at 0x7f5a5bf2bc40>, <snowplow_tracker.self_describing_json.SelfDescribingJson object at 0x7f5a5bf2bbb0>, <snowplow_tracker.self_describing_json.SelfDescribingJson object at 0x7f5a5bf2bac0>]}
[0m02:09:13.108505 [debug] [MainThread]: Flushing usage events
[0m02:09:13.197695 [error] [MainThread]: Encountered an error:

[0m02:09:13.199825 [error] [MainThread]: Traceback (most recent call last):
  File "/usr/local/python/3.9.15/lib/python3.9/site-packages/dbt/main.py", line 135, in main
    results, succeeded = handle_and_check(args)
  File "/usr/local/python/3.9.15/lib/python3.9/site-packages/dbt/main.py", line 198, in handle_and_check
    task, res = run_from_args(parsed)
  File "/usr/local/python/3.9.15/lib/python3.9/site-packages/dbt/main.py", line 245, in run_from_args
    results = task.run()
  File "/usr/local/python/3.9.15/lib/python3.9/site-packages/dbt/task/init.py", line 331, in run
    adapter = self.ask_for_adapter_choice()
  File "/usr/local/python/3.9.15/lib/python3.9/site-packages/dbt/task/init.py", line 257, in ask_for_adapter_choice
    numeric_choice = click.prompt(prompt_msg, type=click.INT)
  File "/usr/local/python/3.9.15/lib/python3.9/site-packages/click/termui.py", line 166, in prompt
    value = prompt_func(prompt)
  File "/usr/local/python/3.9.15/lib/python3.9/site-packages/click/termui.py", line 149, in prompt_func
    raise Abort() from None
click.exceptions.Abort

